Hello I am hostname amg-n4-4ed781-2 running setup.
Flux install root: /opt/view

🐸 Broker Configuration
[access]
allow-guest-user = true
allow-root-owner = true

# Point to resource definition generated with flux-R(1).
[resource]
path = "/mnt/flux/config/etc/flux/system/R"

[bootstrap]
curve_cert = "/mnt/flux/config/curve/curve.cert"
default_port = 8050
default_bind = "tcp://eth0:%p"
default_connect = "tcp://%h.amg-n4-4ed781.default.svc.cluster.local:%p"
hosts = [
{ host="amg-n4-4ed781-[0-3]"},
]		


[archive]
dbpath = "/mnt/flux/config/var/lib/flux/job-archive.sqlite"
period = "1m"
busytimeout = "50s"

[sched-fluxion-qmanager]
queue-policy = "fcfs"

🌟️ Curve Certificate
#   ****  Generated on 2023-04-26 22:54:42 by CZMQ  ****
#   ZeroMQ CURVE **Secret** Certificate
#   DO NOT PROVIDE THIS FILE TO OTHER USERS nor change its permissions.
    
metadata
    name = "flux-cert-generator"
    keygen.hostname = "amg-n4-4ed781-0"
curve
    public-key = "vi}Y{JR$51/kuXZ<WD{x5m$AIg]6LD-9O:Y^@$<0"
    secret-key = "xBOVbQogi:ovZ&W8DNug>1C%rVAENa?-q]))dX+N"
Moving content from /opt/view to be in shared volume at /mnt/flux
Application is done.

Flux install root: /mnt/flux/view

Python version: /mnt/flux/view/bin/python3.14
Python root: /mnt/flux/view/lib/python3.14
PYTHONPATH is :/mnt/flux/view/lib/python3.14/site-packages
PATH is /opt/amazon/openmpi/bin:/opt/amazon/efa/bin:/usr/local/sbin:/usr/local/bin:/usr/sbin:/usr/bin:/sbin:/bin:/mnt/flux/view/bin
/mnt/flux/view/lib/libpython3.14.so
/mnt/flux/view/lib/libpython3.so
/mnt/flux/view/lib/libpython3.14.so.1.0
ls: cannot access '/mnt/flux/view/lib/libpython3.11.so.1.0': No such file or directory

Hello user root

🌟️ Curve Certificate
curve.cert
#   ****  Generated on 2023-04-26 22:54:42 by CZMQ  ****
#   ZeroMQ CURVE **Secret** Certificate
#   DO NOT PROVIDE THIS FILE TO OTHER USERS nor change its permissions.
    
metadata
    name = "flux-cert-generator"
    keygen.hostname = "amg-n4-4ed781-0"
curve
    public-key = "vi}Y{JR$51/kuXZ<WD{x5m$AIg]6LD-9O:Y^@$<0"
    secret-key = "xBOVbQogi:ovZ&W8DNug>1C%rVAENa?-q]))dX+N"

📦 Resources
flux R encode --hosts=amg-n4-4ed781-[0-3] --local
{"version": 1, "execution": {"R_lite": [{"rank": "0-3", "children": {"core": "0-87"}}], "starttime": 0.0, "expiration": 0.0, "nodelist": ["amg-n4-4ed781-[0-3]"]}}
👋 Hello, I'm amg-n4-4ed781-2
The main host is amg-n4-4ed781-0
The working directory is /opt/AMG, contents include:
COPYRIGHT  IJ_mv    Makefile	      README  krylov	 parcsr_mv  test
HYPRE.h    LICENSE  Makefile.include  docs    parcsr_ls  seq_mv     utilities
🚩️ Flux Option Flags defined
🌀 flux start  -o --config /mnt/flux/config/etc/flux/config -Scron.directory=/mnt/flux/config/etc/flux/system/cron.d   -Stbon.fanout=256   -Srundir=/mnt/flux/config/run/flux    -Sstatedir=/mnt/flux/config/var/lib/flux -Slocal-uri=local:///mnt/flux/config/run/flux/local -Stbon.connect_timeout=5s     -Slog-stderr-level=6    -Slog-stderr-mode=local
<6>broker.info[2]: builtins-success: load-builtins->join 3.44916ms
<6>broker.info[2]: parent-ready: join->config-sync 2.25824ms
<6>broker.info[2]: sync-success: config-sync->init 0.410313ms
<6>broker.info[2]: rc1.0: flux modprobe rc1 Exited (rc=0) 1.2s
<6>broker.info[2]: rc1-success: init->quorum 1.15019s
<6>broker.info[2]: quorum-full: quorum->run 0.201098s
<6>broker.info[2]: shutdown: run->cleanup 1.43405m
<6>broker.info[2]: cleanup-none: cleanup->shutdown 0.022318ms
<6>broker.info[2]: children-none: shutdown->finalize 0.058827ms
<6>broker.info[2]: rc3.0: flux modprobe rc3 Exited (rc=0) 0.1s
<6>broker.info[2]: rc3-success: finalize->goodbye 0.147767s
<6>broker.info[2]: goodbye: goodbye->unload-builtins 0.242506ms
<6>broker.info[2]: builtins-done: unload-builtins->exit 0.531616ms
The follower worker exited cleanly. Goodbye!
