Hello I am hostname qmcpack-n4-d025ca-0 running setup.
Flux install root: /opt/view

🐸 Broker Configuration
[access]
allow-guest-user = true
allow-root-owner = true

# Point to resource definition generated with flux-R(1).
[resource]
path = "/mnt/flux/config/etc/flux/system/R"

[bootstrap]
curve_cert = "/mnt/flux/config/curve/curve.cert"
default_port = 8050
default_bind = "tcp://eth0:%p"
default_connect = "tcp://%h.qmcpack-n4-d025ca.default.svc.cluster.local:%p"
hosts = [
{ host="qmcpack-n4-d025ca-[0-3]"},
]		


[archive]
dbpath = "/mnt/flux/config/var/lib/flux/job-archive.sqlite"
period = "1m"
busytimeout = "50s"

[sched-fluxion-qmanager]
queue-policy = "fcfs"

🌟️ Curve Certificate
#   ****  Generated on 2023-04-26 22:54:42 by CZMQ  ****
#   ZeroMQ CURVE **Secret** Certificate
#   DO NOT PROVIDE THIS FILE TO OTHER USERS nor change its permissions.
    
metadata
    name = "flux-cert-generator"
    keygen.hostname = "qmcpack-n4-d025ca-0"
curve
    public-key = "<g?ntup+DEy=ry4H$L0]vaxZ+U>S9127&1{Krva*"
    secret-key = "*Bc&mx[Q)/&0-ovDv2/?i9F%!skl/Xv%hhK!C6g<"
Moving content from /opt/view to be in shared volume at /mnt/flux
Application is done.

Flux install root: /mnt/flux/view

Python version: /mnt/flux/view/bin/python3.14
Python root: /mnt/flux/view/lib/python3.14
PYTHONPATH is :/mnt/flux/view/lib/python3.14/site-packages
PATH is /opt/amazon/openmpi/bin:/opt/amazon/efa/bin:/usr/local/sbin:/usr/local/bin:/usr/sbin:/usr/bin:/sbin:/bin:/mnt/flux/view/bin
/mnt/flux/view/lib/libpython3.14.so
/mnt/flux/view/lib/libpython3.so
/mnt/flux/view/lib/libpython3.14.so.1.0
ls: cannot access '/mnt/flux/view/lib/libpython3.11.so.1.0': No such file or directory

Hello user root

🌟️ Curve Certificate
curve.cert
#   ****  Generated on 2023-04-26 22:54:42 by CZMQ  ****
#   ZeroMQ CURVE **Secret** Certificate
#   DO NOT PROVIDE THIS FILE TO OTHER USERS nor change its permissions.
    
metadata
    name = "flux-cert-generator"
    keygen.hostname = "qmcpack-n4-d025ca-0"
curve
    public-key = "<g?ntup+DEy=ry4H$L0]vaxZ+U>S9127&1{Krva*"
    secret-key = "*Bc&mx[Q)/&0-ovDv2/?i9F%!skl/Xv%hhK!C6g<"

📦 Resources
flux R encode --hosts=qmcpack-n4-d025ca-[0-3] --local
{"version": 1, "execution": {"R_lite": [{"rank": "0-3", "children": {"core": "0-87"}}], "starttime": 0.0, "expiration": 0.0, "nodelist": ["qmcpack-n4-d025ca-[0-3]"]}}
👋 Hello, I'm qmcpack-n4-d025ca-0
The main host is qmcpack-n4-d025ca-0
The working directory is /opt/smoke, contents include:
CMakeLists.txt	h2.wfn.xml	       h2_orb_opt.xml		  h2_vmc.xml
h2.ptcl.xml	h2.wfn_spindepjas.xml  h2_orb_opt_spindepjas.xml
🚩️ Flux Option Flags defined
Command provided is: qmcpack h2_vmc.xml
Flags for flux are -N 4 -n32  

🌀 Submit Mode: flux start -o --config /mnt/flux/config/etc/flux/config -Scron.directory=/mnt/flux/config/etc/flux/system/cron.d   -Stbon.fanout=256   -Srundir=/mnt/flux/config/run/flux    -Sstatedir=/mnt/flux/config/var/lib/flux -Slocal-uri=local:///mnt/flux/config/run/flux/local -Stbon.connect_timeout=5s     -Slog-stderr-level=6    -Slog-stderr-mode=local  flux submit  -N 4 -n32   --quiet --watch qmcpack h2_vmc.xml
Flags for flux are -N 4 -n32  
<6>broker.info[0]: builtins-success: load-builtins->join 2.79501ms
<6>broker.info[0]: parent-none: join->config-sync 0.01161ms
<6>broker.info[0]: sync-none: config-sync->init 0.016026ms
<6>cron.info[0]: synchronizing cron tasks to event heartbeat.pulse
<6>job-manager.info[0]: restart: 0 jobs
<6>job-manager.info[0]: restart: 0 running jobs
<6>job-manager.info[0]: restart: checkpoint.job-manager not found
<6>broker.info[0]: rc1.0: flux modprobe rc1 Exited (rc=0) 1.0s
<6>broker.info[0]: rc1-success: init->quorum 1.0175s
<6>broker.info[0]: online: qmcpack-n4-d025ca-0 (ranks 0)
<6>broker.info[0]: online: qmcpack-n4-d025ca-[0-3] (ranks 0-3)
<6>broker.info[0]: quorum-full: quorum->run 3.25454s
WARNING: MPI environment inconsistency?
running program qmcpack compiled with Open MPI v4.1.7 but allocated with PMI (Hydra or MPICH) (np = 32). Try running with `mpirun.openmpi` or load OpenMPI module.

  Input file(s): h2_vmc.xml 

=====================================================
                    QMCPACK 3.16.0

       (c) Copyright 2003-  QMCPACK developers

                    Please cite:
 J. Kim et al. J. Phys. Cond. Mat. 30 195901 (2018)
      https://doi.org/10.1088/1361-648X/aab9c3
=====================================================
  Global options 

  Total number of MPI ranks = 32
  Number of MPI groups      = 1
  MPI group ID              = 0
  Number of ranks in group  = 32
  MPI ranks per node        = 8
  OMP 1st level threads     = 8
  OMP nested threading disabled or only 1 thread on the 2nd level

  Precision used in this calculation, see definitions in the manual:
  Base precision      = double
  Full precision      = double

  CPU only build
  Real build. QMC_COMPLEX=OFF
  Timer build option is enabled. Current timer level is coarse

=================================================
--- Memory usage report : when QMCPACK starts ---
=================================================
Available memory on node 0, free + buffers :  340368 MiB
Memory footprint by rank 0 on node 0       :      26 MiB
=================================================

  Input XML = h2_vmc.xml

  Project = H2
  date    = 2026-06-28 15:10:44 UTC
  host    = qmcpack-n4-d025ca-0


 Random Number
 -------------
  Offset for the random number seeds from input file (mod 1024): 130

  Range of prime numbers to use as seeds over processors and threads = 743-2677


 Particle Set
 ------------
  Name: e   Offload : no

  All the species have the same mass 1
  Particle set size: 2   Groups : 2


 Particle Set
 ------------
  Name: ion0   Offload : no

  All the species have the same mass 1
  Particle set size: 2   Groups : 1


 Many-body wavefunction
 -------------------
  Name: psi0   Tasking: no

WARNING !!!!!!! Deprecated input style: creating SPO set inside determinantset. Support for this usage will soon be removed. SPO sets should be built outside using sposet_collection.
WARNING Radial orbital type cannot be determined based on the attributes of basisset line. Trying the parent element.
  LCAO: SoaAtomicBasisSet<MultiQuintic,0>
  AO BasisSet for H
   Angular momentum expanded in cartesian functions x^lx y^ly z^lz according to Gamess
Using log grid with default values: ri = 1e-06 rf = 100 npts = 1001
   R(n,l,m,s) 0 0 0 0
   R(n,l,m,s) 1 0 0 0
   R(n,l,m,s) 2 0 0 0
   R(n,l,m,s) 3 1 0 0
   R(n,l,m,s) 4 1 0 0
   R(n,l,m,s) 5 2 0 0
Expanding Ylm (angular function) according to Gamess using cartesian gaussians
Adding 1 cartesian gaussian orbitals for l= 0
Adding 1 cartesian gaussian orbitals for l= 0
Adding 1 cartesian gaussian orbitals for l= 0
Adding 3 cartesian gaussian orbitals for l= 1
Adding 3 cartesian gaussian orbitals for l= 1
Adding 6 cartesian gaussian orbitals for l= 2
  Setting cutoff radius 11.1686

   Maximum Angular Momentum  = 2
   Number of Radial functors = 6
   Basis size                = 15

  Created SPOSet builder named 'LCAOBSet' of type molecularorbital
WARNING !!!!!!! Deprecated input style: creating SPO set inside determinantset. Support for this usage will soon be removed. SPO sets should be built outside using sposet_collection.
Creating SPOSet in SlaterDetBuilder::put(xmlNodePtr cur).

     Single particle orbitals (SPO)
     ------------------------------
      Name: spo-up   Type: LCAO   Builder class name: LCAOrbitalBuilder

  SPOSet spo-up is optimizable
WARNING !!!!!!! Deprecated input style: creating SPO set inside determinantset. Support for this usage will soon be removed. SPO sets should be built outside using sposet_collection.
Creating SPOSet in SlaterDetBuilder::put(xmlNodePtr cur).

     Single particle orbitals (SPO)
     ------------------------------
      Name: spo-dn   Type: LCAO   Builder class name: LCAOrbitalBuilder

  SPOSet spo-dn is optimizable

   Single Slater determinant
   -------------------------

     Determinant
     -----------
      Name: det_up   Spin group: 0   SPO name: spo-up

      Setting delay_rank to default value 1
      Using rank-1 Sherman-Morrison Fahy update (SM1)
      Running on CPU.
nparams_active: 27 params2.size(): 0
                Parameter name               Value
spo-up_orb_rot_0000_0001                 0.000000e+00 0 1  ON 0
spo-up_orb_rot_0000_0002                 0.000000e+00 0 1  ON 1
spo-up_orb_rot_0000_0003                 0.000000e+00 0 1  ON 2
spo-up_orb_rot_0000_0004                 0.000000e+00 0 1  ON 3
spo-up_orb_rot_0000_0005                 0.000000e+00 0 1  ON 4
spo-up_orb_rot_0000_0006                 0.000000e+00 0 1  ON 5
spo-up_orb_rot_0000_0007                 0.000000e+00 0 1  ON 6
spo-up_orb_rot_0000_0008                 0.000000e+00 0 1  ON 7
spo-up_orb_rot_0000_0009                 0.000000e+00 0 1  ON 8
spo-up_orb_rot_0000_0010                 0.000000e+00 0 1  ON 9
spo-up_orb_rot_0000_0011                 0.000000e+00 0 1  ON 10
spo-up_orb_rot_0000_0012                 0.000000e+00 0 1  ON 11
spo-up_orb_rot_0000_0013                 0.000000e+00 0 1  ON 12
spo-up_orb_rot_0000_0014                 0.000000e+00 0 1  ON 13
spo-up_orb_rot_0000_0015                 0.000000e+00 0 1  ON 14
spo-up_orb_rot_0000_0016                 0.000000e+00 0 1  ON 15
spo-up_orb_rot_0000_0017                 0.000000e+00 0 1  ON 16
spo-up_orb_rot_0000_0018                 0.000000e+00 0 1  ON 17
spo-up_orb_rot_0000_0019                 0.000000e+00 0 1  ON 18
spo-up_orb_rot_0000_0020                 0.000000e+00 0 1  ON 19
spo-up_orb_rot_0000_0021                 0.000000e+00 0 1  ON 20
spo-up_orb_rot_0000_0022                 0.000000e+00 0 1  ON 21
spo-up_orb_rot_0000_0023                 0.000000e+00 0 1  ON 22
spo-up_orb_rot_0000_0024                 0.000000e+00 0 1  ON 23
spo-up_orb_rot_0000_0025                 0.000000e+00 0 1  ON 24
spo-up_orb_rot_0000_0026                 0.000000e+00 0 1  ON 25
spo-up_orb_rot_0000_0027                 0.000000e+00 0 1  ON 26


     Determinant
     -----------
      Name: det_down   Spin group: 1   SPO name: spo-dn

      Setting delay_rank to default value 1
      Using rank-1 Sherman-Morrison Fahy update (SM1)
      Running on CPU.
nparams_active: 27 params2.size(): 0
                Parameter name               Value
spo-dn_orb_rot_0000_0001                 0.000000e+00 0 1  ON 0
spo-dn_orb_rot_0000_0002                 0.000000e+00 0 1  ON 1
spo-dn_orb_rot_0000_0003                 0.000000e+00 0 1  ON 2
spo-dn_orb_rot_0000_0004                 0.000000e+00 0 1  ON 3
spo-dn_orb_rot_0000_0005                 0.000000e+00 0 1  ON 4
spo-dn_orb_rot_0000_0006                 0.000000e+00 0 1  ON 5
spo-dn_orb_rot_0000_0007                 0.000000e+00 0 1  ON 6
spo-dn_orb_rot_0000_0008                 0.000000e+00 0 1  ON 7
spo-dn_orb_rot_0000_0009                 0.000000e+00 0 1  ON 8
spo-dn_orb_rot_0000_0010                 0.000000e+00 0 1  ON 9
spo-dn_orb_rot_0000_0011                 0.000000e+00 0 1  ON 10
spo-dn_orb_rot_0000_0012                 0.000000e+00 0 1  ON 11
spo-dn_orb_rot_0000_0013                 0.000000e+00 0 1  ON 12
spo-dn_orb_rot_0000_0014                 0.000000e+00 0 1  ON 13
spo-dn_orb_rot_0000_0015                 0.000000e+00 0 1  ON 14
spo-dn_orb_rot_0000_0016                 0.000000e+00 0 1  ON 15
spo-dn_orb_rot_0000_0017                 0.000000e+00 0 1  ON 16
spo-dn_orb_rot_0000_0018                 0.000000e+00 0 1  ON 17
spo-dn_orb_rot_0000_0019                 0.000000e+00 0 1  ON 18
spo-dn_orb_rot_0000_0020                 0.000000e+00 0 1  ON 19
spo-dn_orb_rot_0000_0021                 0.000000e+00 0 1  ON 20
spo-dn_orb_rot_0000_0022                 0.000000e+00 0 1  ON 21
spo-dn_orb_rot_0000_0023                 0.000000e+00 0 1  ON 22
spo-dn_orb_rot_0000_0024                 0.000000e+00 0 1  ON 23
spo-dn_orb_rot_0000_0025                 0.000000e+00 0 1  ON 24
spo-dn_orb_rot_0000_0026                 0.000000e+00 0 1  ON 25
spo-dn_orb_rot_0000_0027                 0.000000e+00 0 1  ON 26

  Added a fermionic WaveFunctionComponent SlaterDet

   Jastrow
   -------
    Name: J2   Type: Two-Body   Function: Bspline

    Radial function for species: u - d
     Number of parameters: 10
     Cusp: -0.5
     Cutoff radius: 2

     Name                        Value Type Recompute Use Index
     ---- ---------------------------- ---- --------- --- -----
     ud_0                 0.000000e+00    1         1  ON     0
     ud_1                 0.000000e+00    1         1  ON     1
     ud_2                 0.000000e+00    1         1  ON     2
     ud_3                 0.000000e+00    1         1  ON     3
     ud_4                 0.000000e+00    1         1  ON     4
     ud_5                 0.000000e+00    1         1  ON     5
     ud_6                 0.000000e+00    1         1  ON     6
     ud_7                 0.000000e+00    1         1  ON     7
     ud_8                 0.000000e+00    1         1  ON     8
     ud_9                 0.000000e+00    1         1  ON     9


   Jastrow
   -------
    Name: J1   Type: One-Body   Function: Bspline

    Radial function for element: H - e
     Number of parameters: 10
     Cusp: 1
     Cutoff radius: 2

     Name                        Value Type Recompute Use Index
     ---- ---------------------------- ---- --------- --- -----
     eH_0                 0.000000e+00    1         1  ON     0
     eH_1                 0.000000e+00    1         1  ON     1
     eH_2                 0.000000e+00    1         1  ON     2
     eH_3                 0.000000e+00    1         1  ON     3
     eH_4                 0.000000e+00    1         1  ON     4
     eH_5                 0.000000e+00    1         1  ON     5
     eH_6                 0.000000e+00    1         1  ON     6
     eH_7                 0.000000e+00    1         1  ON     7
     eH_8                 0.000000e+00    1         1  ON     8
     eH_9                 0.000000e+00    1         1  ON     9

  Adding psi0 TrialWaveFunction to the pool

 Hamiltonian and observables
 ---------------------------
  Name: h0

  QMCHamiltonian::addOperator Kinetic to H, physical Hamiltonian 

   Coulomb Potential
   -----------------
    Name: ElecElec   Type: AA   PBC: no

  QMCHamiltonian::addOperator ElecElec to H, physical Hamiltonian 
QMCHamiltonian::addOperatorType added type coulomb named ElecElec

   Coulomb Potential
   -----------------
    Name: IonElec   Type: AB   PBC: no

  QMCHamiltonian::addOperator IonElec to H, physical Hamiltonian 
QMCHamiltonian::addOperatorType added type coulomb named IonElec

   Coulomb Potential
   -----------------
    Name: IonIon   Type: AA   PBC: no

  QMCHamiltonian::addOperator IonIon to H, physical Hamiltonian 
QMCHamiltonian::addOperatorType added type coulomb named IonIon

  QMCHamiltonian::add2WalkerProperty added
    4 to P::PropertyList 
    0 to P::Collectables 
    starting Index of the observables in P::PropertyList = 9
ParticleSetPool::randomize 0 ParticleSets.
  Initialization Execution time = 0.03332 secs
=========================================================
 Summary of QMC systems 
=========================================================
ParticleSetPool has: 

  ParticleSet 'e' contains 2 particles :  u(1) d(1)

    u  5.2261545687e-01  4.6234802699e-01 -1.2355134293e+00
    d  6.4451072699e-01  1.3453681375e-01  1.3161796485e+00

  Distance table for dissimilar particles (A-B):
    source: ion0  target: e
    Using structure-of-arrays (SoA) data layout
    Distance computations use open boundary conditions in 3D.

  Distance table for similar particles (A-A):
    source/target: e
    Using structure-of-arrays (SoA) data layout
    Distance computations use open boundary conditions in 3D.


  ParticleSet 'ion0' contains 2 particles :  H(2)

    H  0.0000000000e+00  0.0000000000e+00 -9.4486299390e-01
    H  0.0000000000e+00  0.0000000000e+00  9.4486299390e-01

  Distance table for similar particles (A-A):
    source/target: ion0
    Using structure-of-arrays (SoA) data layout
    Distance computations use open boundary conditions in 3D.


  Hamiltonian h0
  Kinetic         Kinetic energy
  ElecElec        CoulombAB source=e

  IonElec         CoulombAA source/target ion0

  IonIon          CoulombAA source/target ion0



=========================================================
  Start VMC
  File Root H2.s000 append = no 
=========================================================
Resetting walkers
  Adding 8 walkers to 0 existing sets
  Total number of walkers: 2.5600000000e+02
  Total weight: 2.5600000000e+02
  Resetting Properties of the walkers 1 x 13

<vmc function="put">
  qmc_counter=0  my_counter=0
  time step      = 5.0000000000e-02
  blocks         = 20
  steps          = 10
  substeps       = 1
  current        = 0
  target samples = 0.0000000000e+00
  walkers/mpi    = 8

  stepsbetweensamples = 210
<parameter name="blocks">20</parameter>
<parameter name="blocks_between_recompute">10</parameter>
<parameter name="check_properties">100</parameter>
<parameter name="checkproperties">100</parameter>
<parameter name="current">0</parameter>
<parameter name="dmcwalkersperthread">0.0000000000e+00</parameter>
<parameter name="max_seconds">360000</parameter>
<parameter name="maxcpusecs">360000</parameter>
<parameter name="record_configs">0</parameter>
<parameter name="record_walkers">210</parameter>
<parameter name="recordconfigs">0</parameter>
<parameter name="recordwalkers">210</parameter>
<parameter name="samples">0.0000000000e+00</parameter>
<parameter name="samplesperthread">0.0000000000e+00</parameter>
<parameter name="spinmass">1.0000000000e+00</parameter>
<parameter name="steps">10</parameter>
<parameter name="stepsbetweensamples">210</parameter>
<parameter name="store_configs">0</parameter>
<parameter name="storeconfigs">0</parameter>
<parameter name="sub_steps">1</parameter>
<parameter name="substeps">1</parameter>
<parameter name="tau">5.0000000000e-02</parameter>
<parameter name="time_step">5.0000000000e-02</parameter>
<parameter name="timestep">5.0000000000e-02</parameter>
<parameter name="use_drift">yes</parameter>
<parameter name="usedrift">yes</parameter>
<parameter name="walkers">8</parameter>
<parameter name="warmup_steps">20</parameter>
<parameter name="warmupsteps">20</parameter>
  DumpConfig==false Nothing (configurations, state) will be saved.
  Walker Samples are dumped every 210 steps.
</vmc>
  Set drift_modifier UNR parameter a = 1.0000000000e+00
  Adding a default LocalEnergyEstimator for the MainEstimator 
  CloneManager::makeClones makes 8 clones for W/Psi/H.
  Cloning methods for both Psi and H are used
=========================================================
--- Memory usage report : Memory Usage before cloning ---
=========================================================
Available memory on node 0, free + buffers :  340353 MiB
Memory footprint by rank 0 on node 0       :      35 MiB
=========================================================
========================================================
--- Memory usage report : Memory Usage after cloning ---
========================================================
Available memory on node 0, free + buffers :  340340 MiB
Memory footprint by rank 0 on node 0       :      36 MiB
========================================================
  Initial partition of walkers 0 1 2 3 4 5 6 7 8 

  Using Particle by Particle moves
  Walker moves with drift
  Total Sample Size   =0
  Walker distribution on root = 0 1 2 3 4 5 6 7 8 
========================================================================
--- Memory usage report : Memory Usage after the buffer registration ---
========================================================================
Available memory on node 0, free + buffers :  340340 MiB
Memory footprint by rank 0 on node 0       :      37 MiB
========================================================================
  Anonymous Buffer size per walker : 17632 Bytes.
MEMORY increase 0 MB VMC::resetRun
====================================================
  SimpleFixedNodeBranch::finalize after a VMC block
    QMC counter        = 0
    time step          = 0.05
    reference energy   = -1.12176
    reference variance = 0.152246
====================================================
  QMC Execution time = 1.3569e+00 secs
  Total Execution time = 1.3828e+00 secs

=========================================================
  A new xml input file : H2.s000.cont.xml

Use --enable-timers=<value> command line option to increase or decrease level of timing information
Stack timer profile
Timer      Inclusive_time  Exclusive_time  Calls       Time_per_call
Total         1.4515     0.0000              1       1.451468998
  Startup     0.0686     0.0686              1       0.068642510
  VMC         1.3828     1.3828              1       1.382791633

QMCPACK execution completed successfully
<6>broker.info[0]: rc2.0: flux submit -N 4 -n32 --quiet --watch qmcpack h2_vmc.xml Exited (rc=0) 4.0s
<6>broker.info[0]: rc2-success: run->cleanup 4.00424s
<6>broker.info[0]: cleanup.0: flux queue stop --quiet --all --nocheckpoint Exited (rc=0) 0.1s
<6>broker.info[0]: cleanup.1: flux resource acquire-mute Exited (rc=0) 0.1s
<6>broker.info[0]: cleanup.2: flux cancel --user=all --quiet --states RUN Exited (rc=0) 0.1s
<6>broker.info[0]: cleanup.3: flux queue idle --quiet Exited (rc=0) 0.1s
<6>broker.info[0]: cleanup-success: cleanup->shutdown 0.490062s
<6>broker.info[0]: children-complete: shutdown->finalize 0.148245s
<6>broker.info[0]: rc3.0: flux modprobe rc3 Exited (rc=0) 0.2s
<6>broker.info[0]: rc3-success: finalize->goodbye 0.172514s
<6>broker.info[0]: goodbye: goodbye->unload-builtins 0.031967ms
<6>broker.info[0]: builtins-done: unload-builtins->exit 0.66144ms
