Hello I am hostname amg-n4-d41ab2-0 running setup.
Flux install root: /opt/view

🐸 Broker Configuration
[access]
allow-guest-user = true
allow-root-owner = true

# Point to resource definition generated with flux-R(1).
[resource]
path = "/mnt/flux/config/etc/flux/system/R"

[bootstrap]
curve_cert = "/mnt/flux/config/curve/curve.cert"
default_port = 8050
default_bind = "tcp://eth0:%p"
default_connect = "tcp://%h.amg-n4-d41ab2.default.svc.cluster.local:%p"
hosts = [
{ host="amg-n4-d41ab2-[0-3]"},
]		


[archive]
dbpath = "/mnt/flux/config/var/lib/flux/job-archive.sqlite"
period = "1m"
busytimeout = "50s"

[sched-fluxion-qmanager]
queue-policy = "fcfs"

🌟️ Curve Certificate
#   ****  Generated on 2023-04-26 22:54:42 by CZMQ  ****
#   ZeroMQ CURVE **Secret** Certificate
#   DO NOT PROVIDE THIS FILE TO OTHER USERS nor change its permissions.
    
metadata
    name = "flux-cert-generator"
    keygen.hostname = "amg-n4-d41ab2-0"
curve
    public-key = "L+h$m.Hw.@YMa?UfIA}Oeec*qPhCIvEF43e[/W3L"
    secret-key = "Bry^EhfxO0DXO4P6i#mX]gfpcY>$8:)&&E8n[m=t"
Moving content from /opt/view to be in shared volume at /mnt/flux
Application is done.

Flux install root: /mnt/flux/view

Python version: /mnt/flux/view/bin/python3.14
Python root: /mnt/flux/view/lib/python3.14
PYTHONPATH is :/mnt/flux/view/lib/python3.14/site-packages
PATH is /opt/amazon/openmpi/bin:/opt/amazon/efa/bin:/usr/local/sbin:/usr/local/bin:/usr/sbin:/usr/bin:/sbin:/bin:/mnt/flux/view/bin
/mnt/flux/view/lib/libpython3.14.so
/mnt/flux/view/lib/libpython3.so
/mnt/flux/view/lib/libpython3.14.so.1.0
ls: cannot access '/mnt/flux/view/lib/libpython3.11.so.1.0': No such file or directory

Hello user root

🌟️ Curve Certificate
curve.cert
#   ****  Generated on 2023-04-26 22:54:42 by CZMQ  ****
#   ZeroMQ CURVE **Secret** Certificate
#   DO NOT PROVIDE THIS FILE TO OTHER USERS nor change its permissions.
    
metadata
    name = "flux-cert-generator"
    keygen.hostname = "amg-n4-d41ab2-0"
curve
    public-key = "L+h$m.Hw.@YMa?UfIA}Oeec*qPhCIvEF43e[/W3L"
    secret-key = "Bry^EhfxO0DXO4P6i#mX]gfpcY>$8:)&&E8n[m=t"

📦 Resources
flux R encode --hosts=amg-n4-d41ab2-[0-3] --local
{"version": 1, "execution": {"R_lite": [{"rank": "0-3", "children": {"core": "0-87"}}], "starttime": 0.0, "expiration": 0.0, "nodelist": ["amg-n4-d41ab2-[0-3]"]}}
👋 Hello, I'm amg-n4-d41ab2-0
The main host is amg-n4-d41ab2-0
The working directory is /opt/AMG, contents include:
COPYRIGHT  IJ_mv    Makefile	      README  krylov	 parcsr_mv  test
HYPRE.h    LICENSE  Makefile.include  docs    parcsr_ls  seq_mv     utilities
🚩️ Flux Option Flags defined
Command provided is: amg -P 2 4 4 -n 8 8 8
Flags for flux are -N 4 -n32  

🌀 Submit Mode: flux start -o --config /mnt/flux/config/etc/flux/config -Scron.directory=/mnt/flux/config/etc/flux/system/cron.d   -Stbon.fanout=256   -Srundir=/mnt/flux/config/run/flux    -Sstatedir=/mnt/flux/config/var/lib/flux -Slocal-uri=local:///mnt/flux/config/run/flux/local -Stbon.connect_timeout=5s     -Slog-stderr-level=6    -Slog-stderr-mode=local  flux submit  -N 4 -n32   --quiet --watch amg -P 2 4 4 -n 8 8 8
Flags for flux are -N 4 -n32  
<6>broker.info[0]: builtins-success: load-builtins->join 2.72702ms
<6>broker.info[0]: parent-none: join->config-sync 0.018001ms
<6>broker.info[0]: sync-none: config-sync->init 0.01564ms
<6>cron.info[0]: synchronizing cron tasks to event heartbeat.pulse
<6>job-manager.info[0]: restart: 0 jobs
<6>job-manager.info[0]: restart: 0 running jobs
<6>job-manager.info[0]: restart: checkpoint.job-manager not found
<6>broker.info[0]: rc1.0: flux modprobe rc1 Exited (rc=0) 1.0s
<6>broker.info[0]: rc1-success: init->quorum 1.00413s
<6>broker.info[0]: online: amg-n4-d41ab2-0 (ranks 0)
<3>broker.err[0]: quorum delayed: waiting for amg-n4-d41ab2-[1-3] (rank 1-3)
<6>broker.info[0]: online: amg-n4-d41ab2-[0-1] (ranks 0-1)
<6>broker.info[0]: online: amg-n4-d41ab2-[0-3] (ranks 0-3)
<3>broker.err[0]: quorum reached
<6>broker.info[0]: quorum-full: quorum->run 1.50143m
Running with these driver parameters:
  solver ID    = 1

  Laplacian_27pt:
    (Nx, Ny, Nz) = (16, 32, 32)
    (Px, Py, Pz) = (2, 4, 4)

=============================================
Generate Matrix:
=============================================
Spatial Operator:
  wall clock time = 0.422766 seconds
  wall MFLOPS     = 0.000000
  cpu clock time  = 0.447494 seconds
  cpu MFLOPS      = 0.000000

  RHS vector has unit components
  Initial guess is 0
=============================================
IJ Vector Setup:
=============================================
RHS and Initial Guess:
  wall clock time = 0.098468 seconds
  wall MFLOPS     = 0.000000
  cpu clock time  = 0.086452 seconds
  cpu MFLOPS      = 0.000000

=============================================
Problem 1: AMG Setup Time:
=============================================
PCG Setup:
  wall clock time = 19.412085 seconds
  wall MFLOPS     = 0.000000
  cpu clock time  = 20.085725 seconds
  cpu MFLOPS      = 0.000000


FOM_Setup: nnz_AP / Setup Phase Time: 2.271059e+04

=============================================
Problem 1: AMG-PCG Solve Time:
=============================================
PCG Solve:
  wall clock time = 64.473105 seconds
  wall MFLOPS     = 0.000000
  cpu clock time  = 64.639102 seconds
  cpu MFLOPS      = 0.000000


Iterations = 18
Final Relative Residual Norm = 4.264027e-09


FOM_Solve: nnz_AP * Iterations / Solve Phase Time: 1.230820e+05



Figure of Merit (FOM_1): 9.798916e+04

<6>broker.info[0]: rc2.0: flux submit -N 4 -n32 --quiet --watch amg -P 2 4 4 -n 8 8 8 Exited (rc=0) 85.9s
<6>broker.info[0]: rc2-success: run->cleanup 1.43086m
<6>broker.info[0]: cleanup.0: flux queue stop --quiet --all --nocheckpoint Exited (rc=0) 0.1s
<6>broker.info[0]: cleanup.1: flux resource acquire-mute Exited (rc=0) 0.1s
<6>broker.info[0]: cleanup.2: flux cancel --user=all --quiet --states RUN Exited (rc=0) 0.1s
<6>broker.info[0]: cleanup.3: flux queue idle --quiet Exited (rc=0) 0.1s
<6>broker.info[0]: cleanup-success: cleanup->shutdown 0.491277s
<6>broker.info[0]: children-complete: shutdown->finalize 0.149697s
<6>broker.info[0]: rc3.0: flux modprobe rc3 Exited (rc=0) 0.2s
<6>broker.info[0]: rc3-success: finalize->goodbye 0.153932s
<6>broker.info[0]: goodbye: goodbye->unload-builtins 0.031755ms
<6>broker.info[0]: builtins-done: unload-builtins->exit 0.490072ms
